<?xml version="1.0" encoding="UTF-8"?>
<!-- Generated by org.testng.reporters.JUnitXMLReporter -->
<testsuite ignored="0" hostname="Dheekshu" failures="0" tests="10" name="Test" time="420.673" errors="0" timestamp="2024-03-21T22:23:13 IST">
  <testcase classname="com.test.BestBuy" name="login_InvalidEmail_TC01" time="15.516"/>
  <testcase classname="com.test.BestBuy" name="signUp_MandatoryCheck_TC02" time="8.643"/>
  <testcase classname="com.test.BestBuy" name="login_MandPassword_TC03" time="15.244"/>
  <testcase classname="com.test.BestBuy" name="signUp_TC04" time="27.8"/>
  <testcase classname="com.test.BestBuy" name="signIn_TC05" time="22.012"/>
  <testcase classname="com.test.BestBuy" name="allMenuValidation_TC06" time="47.813"/>
  <testcase classname="com.test.BestBuy" name="bottomLinksValidation_TC07" time="0.165"/>
  <testcase classname="com.test.BestBuy" name="search_AddItem_Cart_TC08" time="52.164"/>
  <testcase classname="com.test.BestBuy" name="shopDept_AddItem_Cart_TC09" time="64.685"/>
  <testcase classname="com.test.BestBuy" name="shopBrand_AddItem_Cart_TC10" time="42.121"/>
</testsuite> <!-- Test -->
