<?xml version="1.0" encoding="UTF-8"?>
<testng-results ignored="0" total="1" passed="1" failed="0" skipped="0">
  <reporter-output>
  </reporter-output>
  <suite started-at="2024-03-21T21:57:48 IST" name="Suite" finished-at="2024-03-21T21:58:24 IST" duration-ms="36336">
    <groups>
    </groups>
    <test started-at="2024-03-21T21:57:48 IST" name="Test" finished-at="2024-03-21T21:58:24 IST" duration-ms="36336">
      <class name="com.test.BestBuy">
        <test-method is-config="true" signature="brokenUrl_TC01()[pri:0, instance:com.test.BestBuy@51bf5add]" started-at="2024-03-21T21:57:48 IST" name="brokenUrl_TC01" finished-at="2024-03-21T21:57:58 IST" duration-ms="9927" status="PASS">
          <reporter-output>
          </reporter-output>
        </test-method> <!-- brokenUrl_TC01 -->
        <test-method is-config="true" signature="launchSite()[pri:0, instance:com.test.BestBuy@51bf5add]" started-at="2024-03-21T21:57:58 IST" name="launchSite" finished-at="2024-03-21T21:58:09 IST" duration-ms="10838" status="PASS">
          <reporter-output>
          </reporter-output>
        </test-method> <!-- launchSite -->
        <test-method signature="login_InvalidEmail_TC01()[pri:1, instance:com.test.BestBuy@51bf5add]" started-at="2024-03-21T21:58:09 IST" name="login_InvalidEmail_TC01" finished-at="2024-03-21T21:58:24 IST" duration-ms="15454" status="PASS">
          <reporter-output>
          </reporter-output>
        </test-method> <!-- login_InvalidEmail_TC01 -->
        <test-method is-config="true" signature="closeSite()[pri:0, instance:com.test.BestBuy@51bf5add]" started-at="2024-03-21T21:58:24 IST" name="closeSite" finished-at="2024-03-21T21:58:24 IST" duration-ms="85" status="PASS">
          <reporter-output>
          </reporter-output>
        </test-method> <!-- closeSite -->
      </class> <!-- com.test.BestBuy -->
    </test> <!-- Test -->
  </suite> <!-- Suite -->
</testng-results>
